This is pdfTeX, Version 3.14159265-2.6-1.40.16 (TeX Live 2015) (preloaded format=pdflatex 2016.4.26)  26 SEP 2016 19:06
entering extended mode
 restricted \write18 enabled.
 file:line:error style messages enabled.
 %&-line parsing enabled.
**Honors_and_Awards.tex
(./Honors_and_Awards.tex
LaTeX2e <2015/01/01>
Babel <3.9l> and hyphenation patterns for 21 languages loaded.

./Honors_and_Awards.tex:18: LaTeX Error: Environment MySection undefined.

See the LaTeX manual or LaTeX Companion for explanation.
Type  H <return>  for immediate help.
 ...                                              
                                                  
l.18 \begin{MySection}
                      {Honors and Awards}
? 

./Honors_and_Awards.tex:18: LaTeX Error: Missing \begin{document}.

See the LaTeX manual or LaTeX Companion for explanation.
Type  H <return>  for immediate help.
 ...                                              
                                                  
l.18 \begin{MySection}{H
                        onors and Awards}
? 
Missing character: There is no H in font nullfont!
Missing character: There is no o in font nullfont!
Missing character: There is no n in font nullfont!
Missing character: There is no o in font nullfont!
Missing character: There is no r in font nullfont!
Missing character: There is no s in font nullfont!
Missing character: There is no a in font nullfont!
Missing character: There is no n in font nullfont!
Missing character: There is no d in font nullfont!
Missing character: There is no A in font nullfont!
Missing character: There is no w in font nullfont!
Missing character: There is no a in font nullfont!
Missing character: There is no r in font nullfont!
Missing character: There is no d in font nullfont!
Missing character: There is no s in font nullfont!

Overfull \hbox (20.0pt too wide) in paragraph at lines 18--19
[]
 []

./Honors_and_Awards.tex:20: Undefined control sequence.
l.20 \MyItem
            {
? 
./Honors_and_Awards.tex:21: Undefined control sequence.
l.21 \B
       {Ranked \I{{3}{rd}} in}\href{Tosan Innovation Challenge}{http://blog....

? 

./Honors_and_Awards.tex:21: LaTeX Error: Missing \begin{document}.

See the LaTeX manual or LaTeX Companion for explanation.
Type  H <return>  for immediate help.
 ...                                              
                                                  
l.21 \B{R
         anked \I{{3}{rd}} in}\href{Tosan Innovation Challenge}{http://blog....

? 
Missing character: There is no R in font nullfont!
Missing character: There is no a in font nullfont!
Missing character: There is no n in font nullfont!
Missing character: There is no k in font nullfont!
Missing character: There is no e in font nullfont!
Missing character: There is no d in font nullfont!
./Honors_and_Awards.tex:21: Undefined control sequence.
l.21 \B{Ranked \I
                 {{3}{rd}} in}\href{Tosan Innovation Challenge}{http://blog....

? 
./Honors_and_Awards.tex:21: Emergency stop.
l.21 \B{Ranked \I
                 {{3}{rd}} in}\href{Tosan Innovation Challenge}{http://blog....
End of file on the terminal!

 
Here is how much of TeX's memory you used:
 6 strings out of 494501
 176 string characters out of 6167030
 47480 words of memory out of 5000000
 3387 multiletter control sequences out of 15000+600000
 3640 words of font info for 14 fonts, out of 8000000 for 9000
 319 hyphenation exceptions out of 8191
 5i,0n,4p,143b,20s stack positions out of 5000i,500n,10000p,200000b,80000s
./Honors_and_Awards.tex:21:  ==> Fatal error occurred, no output PDF file produ
ced!
