This is pdfTeX, Version 3.14159265-2.6-1.40.16 (TeX Live 2015) (preloaded format=pdflatex 2016.4.26)  26 SEP 2016 18:44
entering extended mode
 restricted \write18 enabled.
 file:line:error style messages enabled.
 %&-line parsing enabled.
**Teaching_and_Working_Experience.tex
(./Teaching_and_Working_Experience.tex
LaTeX2e <2015/01/01>
Babel <3.9l> and hyphenation patterns for 21 languages loaded.

./Teaching_and_Working_Experience.tex:18: LaTeX Error: Environment MySection un
defined.

See the LaTeX manual or LaTeX Companion for explanation.
Type  H <return>  for immediate help.
 ...                                              
                                                  
l.18 \begin{MySection}
                      {Work Experience}
? 
./Teaching_and_Working_Experience.tex:18: Emergency stop.
 ...                                              
                                                  
l.18 \begin{MySection}
                      {Work Experience}
Your command was ignored.
Type  I <command> <return>  to replace it with another command,
or  <return>  to continue without it.

 
Here is how much of TeX's memory you used:
 7 strings out of 494501
 372 string characters out of 6167030
 47480 words of memory out of 5000000
 3387 multiletter control sequences out of 15000+600000
 3640 words of font info for 14 fonts, out of 8000000 for 9000
 319 hyphenation exceptions out of 8191
 5i,0n,4p,82b,16s stack positions out of 5000i,500n,10000p,200000b,80000s
./Teaching_and_Working_Experience.tex:18:  ==> Fatal error occurred, no output 
PDF file produced!
